<?xml version="1.0" encoding="UTF-8"?>
<!-- Generated by org.testng.reporters.JUnitXMLReporter -->
<testsuite hostname="DESKTOP-0F1P5O1" ignored="1" name="Default test" tests="2" failures="0" timestamp="31 Jul 2020 15:02:36 GMT" time="28.758" errors="0">
  <testcase name="setup" time="24.974" classname="com.Keyword.Calling"/>
  <testcase name="addCustomer" time="3.74" classname="com.Keyword.Calling"/>
  <testcase name="test" time="0.0" classname="com.Keyword.Calling">
    <ignored/>
  </testcase> <!-- test -->
</testsuite> <!-- Default test -->
