<?xml version="1.0" encoding="UTF-8"?>
<testng-results skipped="0" failed="0" ignored="1" total="3" passed="2">
  <reporter-output>
  </reporter-output>
  <suite name="Default suite" duration-ms="28758" started-at="2020-07-31T15:02:07Z" finished-at="2020-07-31T15:02:36Z">
    <groups>
    </groups>
    <test name="Default test" duration-ms="28758" started-at="2020-07-31T15:02:07Z" finished-at="2020-07-31T15:02:36Z">
      <class name="com.Keyword.Calling">
        <test-method status="PASS" signature="setup()[pri:1, instance:com.Keyword.Calling@3e3047e6]" name="setup" duration-ms="24974" started-at="2020-07-31T15:02:07Z" finished-at="2020-07-31T15:02:32Z">
          <reporter-output>
          </reporter-output>
        </test-method> <!-- setup -->
        <test-method status="PASS" signature="addCustomer()[pri:2, instance:com.Keyword.Calling@3e3047e6]" name="addCustomer" duration-ms="3740" started-at="2020-07-31T15:02:32Z" finished-at="2020-07-31T15:02:36Z">
          <reporter-output>
          </reporter-output>
        </test-method> <!-- addCustomer -->
      </class> <!-- com.Keyword.Calling -->
    </test> <!-- Default test -->
  </suite> <!-- Default suite -->
</testng-results>
